# JRE version: Java(TM) SE Runtime Environment (7.0_80-b15) (build 1.7.0_80-b15)
# Java VM: Java HotSpot(TM) 64-Bit Server VM (24.80-b11 mixed mode windows-amd64 compressed oops)
Heap
 PSYoungGen      total 506880K, used 82212K [0x00000007d5a00000, 0x0000000800000000, 0x0000000800000000)
  eden space 436224K, 18% used [0x00000007d5a00000,0x00000007daa490f0,0x00000007f0400000)
  from space 70656K, 0% used [0x00000007f6280000,0x00000007f6280000,0x00000007fa780000)
  to   space 96768K, 0% used [0x00000007f0400000,0x00000007f0400000,0x00000007f6280000)
 ParOldGen       total 109056K, used 109048K [0x0000000780e00000, 0x0000000787880000, 0x00000007d5a00000)
  object space 109056K, 99% used [0x0000000780e00000,0x000000078787e0f0,0x0000000787880000)
 PSPermGen       total 45056K, used 21305K [0x000000077bc00000, 0x000000077e800000, 0x0000000780e00000)
  object space 45056K, 47% used [0x000000077bc00000,0x000000077d0ce550,0x000000077e800000)
GC Heap History (10 events):
Event: 28.007 GC heap before
{Heap before GC invocations=11 (full 1):
 PSYoungGen      total 285184K, used 248832K [0x00000007d5a00000, 0x00000007f4200000, 0x0000000800000000)
  eden space 248832K, 100% used [0x00000007d5a00000,0x00000007e4d00000,0x00000007e4d00000)
  from space 36352K, 0% used [0x00000007e4d00000,0x00000007e4d00000,0x00000007e7080000)
  to   space 50688K, 0% used [0x00000007f1080000,0x00000007f1080000,0x00000007f4200000)
 ParOldGen       total 109056K, used 40727K [0x0000000780e00000, 0x0000000787880000, 0x00000007d5a00000)
  object space 109056K, 37% used [0x0000000780e00000,0x00000007835c5c28,0x0000000787880000)
 PSPermGen       total 41472K, used 20512K [0x000000077bc00000, 0x000000077e480000, 0x0000000780e00000)
  object space 41472K, 49% used [0x000000077bc00000,0x000000077d0083c0,0x000000077e480000)
Event: 28.057 GC heap after
Heap after GC invocations=11 (full 1):
 PSYoungGen      total 364032K, used 28547K [0x00000007d5a00000, 0x00000007f2c80000, 0x0000000800000000)
  eden space 335360K, 0% used [0x00000007d5a00000,0x00000007d5a00000,0x00000007ea180000)
  from space 28672K, 99% used [0x00000007f1080000,0x00000007f2c60d98,0x00000007f2c80000)
  to   space 51200K, 0% used [0x00000007ec880000,0x00000007ec880000,0x00000007efa80000)
 ParOldGen       total 109056K, used 40727K [0x0000000780e00000, 0x0000000787880000, 0x00000007d5a00000)
  object space 109056K, 37% used [0x0000000780e00000,0x00000007835c5c28,0x0000000787880000)
 PSPermGen       total 41472K, used 20512K [0x000000077bc00000, 0x000000077e480000, 0x0000000780e00000)
  object space 41472K, 49% used [0x000000077bc00000,0x000000077d0083c0,0x000000077e480000)
}
Event: 30.927 GC heap before
{Heap before GC invocations=12 (full 1):
 PSYoungGen      total 364032K, used 363907K [0x00000007d5a00000, 0x00000007f2c80000, 0x0000000800000000)
  eden space 335360K, 100% used [0x00000007d5a00000,0x00000007ea180000,0x00000007ea180000)
  from space 28672K, 99% used [0x00000007f1080000,0x00000007f2c60d98,0x00000007f2c80000)
  to   space 51200K, 0% used [0x00000007ec880000,0x00000007ec880000,0x00000007efa80000)
 ParOldGen       total 109056K, used 40727K [0x0000000780e00000, 0x0000000787880000, 0x00000007d5a00000)
  object space 109056K, 37% used [0x0000000780e00000,0x00000007835c5c28,0x0000000787880000)
 PSPermGen       total 41472K, used 20520K [0x000000077bc00000, 0x000000077e480000, 0x0000000780e00000)
  object space 41472K, 49% used [0x000000077bc00000,0x000000077d00a1f8,0x000000077e480000)
Event: 31.036 GC heap after
Heap after GC invocations=12 (full 1):
 PSYoungGen      total 426496K, used 51169K [0x00000007d5a00000, 0x00000007fa780000, 0x0000000800000000)
  eden space 375296K, 0% used [0x00000007d5a00000,0x00000007d5a00000,0x00000007ec880000)
  from space 51200K, 99% used [0x00000007ec880000,0x00000007efa78700,0x00000007efa80000)
  to   space 70656K, 0% used [0x00000007f6280000,0x00000007f6280000,0x00000007fa780000)
 ParOldGen       total 109056K, used 70456K [0x0000000780e00000, 0x0000000787880000, 0x00000007d5a00000)
  object space 109056K, 64% used [0x0000000780e00000,0x00000007852ce108,0x0000000787880000)
 PSPermGen       total 41472K, used 20520K [0x000000077bc00000, 0x000000077e480000, 0x0000000780e00000)
  object space 41472K, 49% used [0x000000077bc00000,0x000000077d00a1f8,0x000000077e480000)
}
Event: 33.482 GC heap before
{Heap before GC invocations=13 (full 1):
 PSYoungGen      total 426496K, used 426465K [0x00000007d5a00000, 0x00000007fa780000, 0x0000000800000000)
  eden space 375296K, 100% used [0x00000007d5a00000,0x00000007ec880000,0x00000007ec880000)
  from space 51200K, 99% used [0x00000007ec880000,0x00000007efa78700,0x00000007efa80000)
  to   space 70656K, 0% used [0x00000007f6280000,0x00000007f6280000,0x00000007fa780000)
 ParOldGen       total 109056K, used 70456K [0x0000000780e00000, 0x0000000787880000, 0x00000007d5a00000)
  object space 109056K, 64% used [0x0000000780e00000,0x00000007852ce108,0x0000000787880000)
 PSPermGen       total 41472K, used 20566K [0x000000077bc00000, 0x000000077e480000, 0x0000000780e00000)
  object space 41472K, 49% used [0x000000077bc00000,0x000000077d015930,0x000000077e480000)
Event: 33.628 GC heap after
Heap after GC invocations=13 (full 1):
 PSYoungGen      total 506880K, used 70631K [0x00000007d5a00000, 0x0000000800000000, 0x0000000800000000)
  eden space 436224K, 0% used [0x00000007d5a00000,0x00000007d5a00000,0x00000007f0400000)
  from space 70656K, 99% used [0x00000007f6280000,0x00000007fa779cc0,0x00000007fa780000)
  to   space 96768K, 0% used [0x00000007f0400000,0x00000007f0400000,0x00000007f6280000)
 ParOldGen       total 109056K, used 108940K [0x0000000780e00000, 0x0000000787880000, 0x00000007d5a00000)
  object space 109056K, 99% used [0x0000000780e00000,0x0000000787863120,0x0000000787880000)
 PSPermGen       total 41472K, used 20566K [0x000000077bc00000, 0x000000077e480000, 0x0000000780e00000)
  object space 41472K, 49% used [0x000000077bc00000,0x000000077d015930,0x000000077e480000)
}
Event: 33.629 GC heap before
{Heap before GC invocations=14 (full 2):
 PSYoungGen      total 506880K, used 70631K [0x00000007d5a00000, 0x0000000800000000, 0x0000000800000000)
  eden space 436224K, 0% used [0x00000007d5a00000,0x00000007d5a00000,0x00000007f0400000)
  from space 70656K, 99% used [0x00000007f6280000,0x00000007fa779cc0,0x00000007fa780000)
  to   space 96768K, 0% used [0x00000007f0400000,0x00000007f0400000,0x00000007f6280000)
 ParOldGen       total 109056K, used 108940K [0x0000000780e00000, 0x0000000787880000, 0x00000007d5a00000)
  object space 109056K, 99% used [0x0000000780e00000,0x0000000787863120,0x0000000787880000)
 PSPermGen       total 41472K, used 20566K [0x000000077bc00000, 0x000000077e480000, 0x0000000780e00000)
  object space 41472K, 49% used [0x000000077bc00000,0x000000077d015930,0x000000077e480000)
Event: 33.909 GC heap after
Heap after GC invocations=14 (full 2):
 PSYoungGen      total 506880K, used 0K [0x00000007d5a00000, 0x0000000800000000, 0x0000000800000000)
  eden space 436224K, 0% used [0x00000007d5a00000,0x00000007d5a00000,0x00000007f0400000)
  from space 70656K, 0% used [0x00000007f6280000,0x00000007f6280000,0x00000007fa780000)
  to   space 96768K, 0% used [0x00000007f0400000,0x00000007f0400000,0x00000007f6280000)
 ParOldGen       total 109056K, used 95206K [0x0000000780e00000, 0x0000000787880000, 0x00000007d5a00000)
  object space 109056K, 87% used [0x0000000780e00000,0x0000000786af9820,0x0000000787880000)
 PSPermGen       total 46592K, used 20566K [0x000000077bc00000, 0x000000077e980000, 0x0000000780e00000)
  object space 46592K, 44% used [0x000000077bc00000,0x000000077d015930,0x000000077e980000)
}
Event: 36.655 GC heap before
{Heap before GC invocations=15 (full 3):
 PSYoungGen      total 506880K, used 436224K [0x00000007d5a00000, 0x0000000800000000, 0x0000000800000000)
  eden space 436224K, 100% used [0x00000007d5a00000,0x00000007f0400000,0x00000007f0400000)
  from space 70656K, 0% used [0x00000007f6280000,0x00000007f6280000,0x00000007fa780000)
  to   space 96768K, 0% used [0x00000007f0400000,0x00000007f0400000,0x00000007f6280000)
 ParOldGen       total 109056K, used 95206K [0x0000000780e00000, 0x0000000787880000, 0x00000007d5a00000)
  object space 109056K, 87% used [0x0000000780e00000,0x0000000786af9820,0x0000000787880000)
 PSPermGen       total 46592K, used 20580K [0x000000077bc00000, 0x000000077e980000, 0x0000000780e00000)
  object space 46592K, 44% used [0x000000077bc00000,0x000000077d0190b8,0x000000077e980000)
Event: 37.015 GC heap after
Heap after GC invocations=15 (full 3):
 PSYoungGen      total 506880K, used 1117K [0x00000007d5a00000, 0x0000000800000000, 0x0000000800000000)
  eden space 436224K, 0% used [0x00000007d5a00000,0x00000007d5b174b8,0x00000007f0400000)
  from space 70656K, 0% used [0x00000007f6280000,0x00000007f6280000,0x00000007fa780000)
  to   space 96768K, 0% used [0x00000007f0400000,0x00000007f0400000,0x00000007f6280000)
 ParOldGen       total 109056K, used 109048K [0x0000000780e00000, 0x0000000787880000, 0x00000007d5a00000)
  object space 109056K, 99% used [0x0000000780e00000,0x000000078787e0f0,0x0000000787880000)
 PSPermGen       total 45056K, used 20580K [0x000000077bc00000, 0x000000077e800000, 0x0000000780e00000)
  object space 45056K, 45% used [0x000000077bc00000,0x000000077d0190b8,0x000000077e800000)
}

